0	Axel	Latinne	Tokelau
1	Karleigh	Aurora	Kenya
2	Celeste	Stirling	Grenada
3	Josephine	Le Petit-Quevilly	Sudan
4	Serena	Sydney	United Arab Emirates
5	Madison	Westlock	Saint Helena, Ascension and Tristan da Cunha
6	Tanya	Vanderhoof	Peru
7	Vernon	Bahawalnagar	United States
8	Madonna	Carmen	Equatorial Guinea
9	Melvin	Anzio	Zambia
10	Hillary	Kallo	Egypt
11	Kennedy	Prince George	Malaysia
12	Chava	Lusevera	Mozambique
13	Jane	Ipswich	Mauritania
14	Armando	Vorst	Finland
15	Caryn	King Township	Martinique
16	Sydney	Roosbeek	Andorra
17	Fitzgerald	Tampa	Egypt
18	Vivien	Kenosha	Sao Tome and Principe
19	Fuller	Borgone Susa	Brazil
20	Grady	Austin	Sao Tome and Principe
21	Kalia	Daska	Myanmar
22	Kennedy	Kinross	Mongolia
23	MacKensie	Gorzow Wielkopolski	Georgia
24	Robin	McCallum	Eritrea
25	Aline	Bay Roberts	Saint Pierre and Miquelon
26	Ella	Aalbeke	Virgin Islands, British
27	Drew	Rodengo/Rodeneck	Micronesia
28	Janet	College	Libya
29	Mia	Kanchipuram	South Georgia and The South Sandwich Islands
30	Tasha	Penna in Teverina	Guinea-Bissau
31	Sasha	Palma de Mallorca	Cyprus
32	Genevieve	LaSalle	Puerto Rico
33	Tanek	Vilvoorde	Zimbabwe
34	Jan	Hapur	Macedonia
35	Sawyer	Milena	Puerto Rico
36	Teegan	Funtua	New Caledonia
37	Dacey	Indore	Viet Nam
38	Jaquelyn	Stirling	Saint Lucia
39	Orla	Fort St. John	Pitcairn Islands
40	Ezekiel	Columbus	Macedonia
41	Garrison	Caplan	Paraguay
42	Bruce	Somma Lombardo	Afghanistan
43	Moses	Carleton	Finland
44	Julian	Stewart	Kazakhstan
45	Kay	Glendale	Hong Kong
46	MacKensie	Marbais	Curaçao
47	Kylie	Appleby	El Salvador
48	Berk	Otricoli	Congo (Brazzaville)
49	Chava	Hénin-Beaumont	Guadeloupe
50	Meghan	Iqaluit	Fiji
51	Gemma	Glasgow	Greenland
52	Leilani	Rosarno	Japan
53	Paul	Pellizzano	Falkland Islands
54	Kasimir	Wals-Siezenheim	Albania
55	Idola	Sète	Bouvet Island
56	Armando	Jackson	Panama
57	Rinah	Pointe-au-Pic	Armenia
58	Irene	Norfolk County	Pakistan
59	Levi	Tire	Georgia
60	Carl	Pangnirtung	Bhutan
61	Hadley	Nuraminis	Virgin Islands, British
62	Beck	Offida	Turks and Caicos Islands
63	Cedric	Cap-de-la-Madeleine	Cook Islands
64	Jaime	Sterrebeek	Saint Kitts and Nevis
65	Herman	Schweinfurt	French Polynesia
66	Inga	Edremit	Norway
67	Eliana	Ananindeua	Heard Island and Mcdonald Islands
68	Eugenia	Newark	Isle of Man
69	Rinah	Chapra	United Kingdom
70	Chloe	Pergola	Mozambique
71	Urielle	Prenzlau	Virgin Islands, United States
72	Tucker	Anchorage	Guam
73	Zorita	Massarosa	Mozambique
74	Imelda	Sart-Eustache	Bhutan
75	Ferdinand	Sterling Heights	Bangladesh
76	Isadora	Strausberg	Trinidad and Tobago
77	Christian	Broken Arrow	New Caledonia
78	Shelby	San Pietro al Tanagro	Australia
79	Veronica	St. Thomas	Western Sahara
80	Chaney	Guysborough	Wallis and Futuna
81	Fulton	Juazeiro do Norte	Brunei
82	Cally	Rocky View	Mozambique
83	Sawyer	Hof	Nicaragua
84	Bianca	Romano dEzzelino	Albania
85	Mia	Schwbisch Gmnd	Peru
86	Dominique	Castel Baronia	Guinea
87	Barclay	Birmingham	Curaçao
88	Kay	Ghlin	Botswana
89	John	Bottrop	Romania
90	Jayme	Holywell	Guyana
91	Kiayada	Ospedaletto dAlpinolo	Cuba
92	Callum	Labrecque	Ghana
93	Daria	Carapicuíba	Kyrgyzstan
94	Grace	Cisterna di Latina	Antigua and Barbuda
95	Ariana	Leersum	Maldives
96	Hedda	Morwell	Armenia
97	Fallon	Boblingen	Mauritius
98	Samson	Pangnirtung	Kazakhstan
99	Prescott	Turriaco	Bolivia
